Using pre-set license
Built from '2020.3/staging' branch; Version is '2020.3.30f1 (1fb1bf06830e) revision 2077119'; Using compiler version '192528614'; Build Type 'Release'
OS: 'Windows 10  (10.0.19042) 64bit Education' Language: 'ko' Physical Memory: 16333 MB
BatchMode: 1, IsHumanControllingUs: 0, StartBugReporterOnCrash: 0, Is64bit: 1, IsPro: 0

COMMAND LINE ARGUMENTS:
C:\Program Files\Unity\Hub\Editor\2020.3.30f1\Editor\Unity.exe
-adb2
-batchMode
-noUpm
-name
AssetImportWorker0
-projectPath
C:/Users/Huiyong/Desktop/GraduationProject/SafetyTraining/SafetyTraining
-logFile
Logs/AssetImportWorker0.log
-srvPort
55140
Successfully changed project path to: C:/Users/Huiyong/Desktop/GraduationProject/SafetyTraining/SafetyTraining
C:/Users/Huiyong/Desktop/GraduationProject/SafetyTraining/SafetyTraining
Using Asset Import Pipeline V2.
Refreshing native plugins compatible for Editor in 150.75 ms, found 12 plugins.
Preloading 2 native plugins for Editor in 3.46 ms.
Initialize engine version: 2020.3.30f1 (1fb1bf06830e)
[Subsystems] Discovering subsystems at path C:/Program Files/Unity/Hub/Editor/2020.3.30f1/Editor/Data/Resources/UnitySubsystems
[Subsystems] Discovering subsystems at path C:/Users/Huiyong/Desktop/GraduationProject/SafetyTraining/SafetyTraining/Assets
GfxDevice: creating device client; threaded=0
Direct3D:
    Version:  Direct3D 11.0 [level 11.1]
    Renderer: NVIDIA GeForce GTX 1650 SUPER (ID=0x2187)
    Vendor:   
    VRAM:     3955 MB
    Driver:   30.0.15.1179
Shader 'Oculus/OVRMRCameraFrameLit': fallback shader 'Alpha-Diffuse' not found
Initialize mono
Mono path[0] = 'C:/Program Files/Unity/Hub/Editor/2020.3.30f1/Editor/Data/Managed'
Mono path[1] = 'C:/Program Files/Unity/Hub/Editor/2020.3.30f1/Editor/Data/MonoBleedingEdge/lib/mono/unityjit'
Mono config path = 'C:/Program Files/Unity/Hub/Editor/2020.3.30f1/Editor/Data/MonoBleedingEdge/etc'
Using monoOptions --debugger-agent=transport=dt_socket,embedding=1,server=y,suspend=n,address=127.0.0.1:56652
Begin MonoManager ReloadAssembly
Registering precompiled unity dll's ...
Register platform support module: C:/Program Files/Unity/Hub/Editor/2020.3.30f1/Editor/Data/PlaybackEngines/WindowsStandaloneSupport/UnityEditor.WindowsStandalone.Extensions.dll
Registered in 0.006816 seconds.
Native extension for WindowsStandalone target not found
Refreshing native plugins compatible for Editor in 103.27 ms, found 12 plugins.
Preloading 2 native plugins for Editor in 0.34 ms.
Mono: successfully reloaded assembly
- Completed reload, in  0.688 seconds
Domain Reload Profiling:
	ReloadAssembly (688ms)
		BeginReloadAssembly (113ms)
			ExecutionOrderSort (0ms)
			DisableScriptedObjects (0ms)
			BackupInstance (0ms)
			ReleaseScriptingObjects (0ms)
			CreateAndSetChildDomain (1ms)
		EndReloadAssembly (481ms)
			LoadAssemblies (106ms)
			RebuildTransferFunctionScriptingTraits (0ms)
			SetupTypeCache (131ms)
			ReleaseScriptCaches (0ms)
			RebuildScriptCaches (24ms)
			SetupLoadedEditorAssemblies (207ms)
				LogAssemblyErrors (0ms)
				InitializePlatformSupportModulesInManaged (5ms)
				SetLoadedEditorAssemblies (0ms)
				RefreshPlugins (104ms)
				BeforeProcessingInitializeOnLoad (10ms)
				ProcessInitializeOnLoadAttributes (66ms)
				ProcessInitializeOnLoadMethodAttributes (21ms)
				AfterProcessingInitializeOnLoad (0ms)
				EditorAssembliesLoaded (0ms)
			ExecutionOrderSort2 (0ms)
			AwakeInstancesAfterBackupRestoration (0ms)
Platform modules already initialized, skipping
Registering precompiled user dll's ...
Registered in 0.029037 seconds.
Begin MonoManager ReloadAssembly
Native extension for WindowsStandalone target not found
Refreshing native plugins compatible for Editor in 104.01 ms, found 12 plugins.
Preloading 2 native plugins for Editor in 0.33 ms.
[XR] OculusXRPlugin: registering subsystems
[XR] Unable to register display lifecyle provider: [1]
[XR] Oculus Input lifecycle provider registered.
[XR] Unable to register input lifecyle provider: [1]
[XR] OVRP version 1.69.0
Mono: successfully reloaded assembly
- Completed reload, in  1.455 seconds
Domain Reload Profiling:
	ReloadAssembly (1456ms)
		BeginReloadAssembly (191ms)
			ExecutionOrderSort (0ms)
			DisableScriptedObjects (4ms)
			BackupInstance (0ms)
			ReleaseScriptingObjects (0ms)
			CreateAndSetChildDomain (17ms)
		EndReloadAssembly (1171ms)
			LoadAssemblies (192ms)
			RebuildTransferFunctionScriptingTraits (0ms)
			SetupTypeCache (317ms)
			ReleaseScriptCaches (1ms)
			RebuildScriptCaches (59ms)
			SetupLoadedEditorAssemblies (495ms)
				LogAssemblyErrors (0ms)
				InitializePlatformSupportModulesInManaged (4ms)
				SetLoadedEditorAssemblies (0ms)
				RefreshPlugins (104ms)
				BeforeProcessingInitializeOnLoad (170ms)
				ProcessInitializeOnLoadAttributes (174ms)
				ProcessInitializeOnLoadMethodAttributes (19ms)
				AfterProcessingInitializeOnLoad (24ms)
				EditorAssembliesLoaded (0ms)
			ExecutionOrderSort2 (0ms)
			AwakeInstancesAfterBackupRestoration (5ms)
Platform modules already initialized, skipping
========================================================================
Worker process is ready to serve import requests
Shader 'Oculus/OVRMRCameraFrameLit': fallback shader 'Alpha-Diffuse' not found
Launched and connected shader compiler UnityShaderCompiler.exe after 0.05 seconds
Refreshing native plugins compatible for Editor in 1.42 ms, found 12 plugins.
Preloading 2 native plugins for Editor in 0.38 ms.
Unloading 4221 Unused Serialized files (Serialized files now loaded: 0)
System memory in use before: 181.7 MB.
System memory in use after: 181.9 MB.

Unloading 45 unused Assets to reduce memory usage. Loaded Objects now: 4636.
Total: 3.666000 ms (FindLiveObjects: 0.353600 ms CreateObjectMapping: 0.115600 ms MarkObjects: 3.100200 ms  DeleteObjects: 0.095600 ms)

AssetImportParameters requested are different than current active one (requested -> active):
  custom:framework-win-MediaFoundation: 216162199b28c13a410421893ffa2e32 -> 
  custom:video-decoder-ogg-theora: a1e56fd34408186e4bbccfd4996cb3dc -> 
  custom:container-muxer-webm: aa71ff27fc2769a1b78a27578f13a17b -> 
  custom:container-demuxer-webm: 4f35f7cbe854078d1ac9338744f61a02 -> 
  custom:container-demuxer-ogg: 62fdf1f143b41e24485cea50d1cbac27 -> 
  custom:video-encoder-webm-vp8: eb34c28f22e8b96e1ab97ce403110664 -> 
  custom:video-decoder-webm-vp8: 9c59270c3fd7afecdb556c50c9e8de78 -> 
  custom:audio-decoder-ogg-vorbis: bf7c407c2cedff20999df2af8eb42d56 -> 
  custom:audio-encoder-webm-vorbis: bf7c407c2cedff20999df2af8eb42d56 -> 
========================================================================
Received Import Request.
  path: Assets/LaboratoryMultipurposePack/Laboratory_URP/Models/Prefabs/Bottles_Frame_Conection_03.prefab
  artifactKey: Guid(70f298e9a8097944db828454ea2c7166) Importer(815301076,1909f56bfc062723c751e8b465ee728b)
Start importing Assets/LaboratoryMultipurposePack/Laboratory_URP/Models/Prefabs/Bottles_Frame_Conection_03.prefab using Guid(70f298e9a8097944db828454ea2c7166) Importer(815301076,1909f56bfc062723c751e8b465ee728b)  -> (artifact id: '68ec17a36651d51bf62ccd6f4b877260') in 0.318439 seconds 
========================================================================
Received Import Request.
  Time since last request: 0.000162 seconds.
  path: Assets/LaboratoryMultipurposePack/Laboratory_URP/Models/Prefabs/Apparatus_02_Standard.prefab
  artifactKey: Guid(0a44810e5876056429e5925a714ce36d) Importer(815301076,1909f56bfc062723c751e8b465ee728b)
Start importing Assets/LaboratoryMultipurposePack/Laboratory_URP/Models/Prefabs/Apparatus_02_Standard.prefab using Guid(0a44810e5876056429e5925a714ce36d) Importer(815301076,1909f56bfc062723c751e8b465ee728b)  -> (artifact id: '91d3e70feaef8cec35641471d0dda70f') in 0.065931 seconds 
========================================================================
Received Import Request.
  Time since last request: 0.000269 seconds.
  path: Assets/LaboratoryMultipurposePack/Laboratory_URP/Models/Prefabs/Apparatus_01_Standard.prefab
  artifactKey: Guid(08cffc0cae66ed040b0d54c84a03d90e) Importer(815301076,1909f56bfc062723c751e8b465ee728b)
Start importing Assets/LaboratoryMultipurposePack/Laboratory_URP/Models/Prefabs/Apparatus_01_Standard.prefab using Guid(08cffc0cae66ed040b0d54c84a03d90e) Importer(815301076,1909f56bfc062723c751e8b465ee728b)  -> (artifact id: 'ebedd030ad17cdefc218275955ecdd96') in 0.052812 seconds 
========================================================================
Received Import Request.
  Time since last request: 0.000195 seconds.
  path: Assets/LaboratoryMultipurposePack/Laboratory_URP/Models/Prefabs/Apparatus_02.prefab
  artifactKey: Guid(04a40fa12eb069e49ab2bd7a1dbe417f) Importer(815301076,1909f56bfc062723c751e8b465ee728b)
Start importing Assets/LaboratoryMultipurposePack/Laboratory_URP/Models/Prefabs/Apparatus_02.prefab using Guid(04a40fa12eb069e49ab2bd7a1dbe417f) Importer(815301076,1909f56bfc062723c751e8b465ee728b)  -> (artifact id: '05429fecb4349ea207a9b52604f96c6e') in 0.054366 seconds 
========================================================================
Received Import Request.
  Time since last request: 0.000233 seconds.
  path: Assets/LaboratoryMultipurposePack/Laboratory_URP/Models/Prefabs/Bottles_Frame_Empty_02.prefab
  artifactKey: Guid(89014deca07a580478718d513d25f7ff) Importer(815301076,1909f56bfc062723c751e8b465ee728b)
Start importing Assets/LaboratoryMultipurposePack/Laboratory_URP/Models/Prefabs/Bottles_Frame_Empty_02.prefab using Guid(89014deca07a580478718d513d25f7ff) Importer(815301076,1909f56bfc062723c751e8b465ee728b)  -> (artifact id: 'a97aba11935176be33ae44195aa7bd6b') in 0.053110 seconds 
========================================================================
Received Import Request.
  Time since last request: 0.000254 seconds.
  path: Assets/LaboratoryMultipurposePack/Laboratory_URP/Models/Prefabs/Bottles_Frame_Conection_02.prefab
  artifactKey: Guid(043add6cf99a1e941a9811099472d10e) Importer(815301076,1909f56bfc062723c751e8b465ee728b)
Start importing Assets/LaboratoryMultipurposePack/Laboratory_URP/Models/Prefabs/Bottles_Frame_Conection_02.prefab using Guid(043add6cf99a1e941a9811099472d10e) Importer(815301076,1909f56bfc062723c751e8b465ee728b)  -> (artifact id: '23e419f7da0312efc39eb026e4d5f1e6') in 0.053311 seconds 
========================================================================
Received Import Request.
  Time since last request: 0.000156 seconds.
  path: Assets/LaboratoryMultipurposePack/Laboratory_URP/Models/Prefabs/Apparatus_08_Glass_Jar_Standard.prefab
  artifactKey: Guid(48ff2bc90ca19c640b9a60fb5bd6f875) Importer(815301076,1909f56bfc062723c751e8b465ee728b)
Start importing Assets/LaboratoryMultipurposePack/Laboratory_URP/Models/Prefabs/Apparatus_08_Glass_Jar_Standard.prefab using Guid(48ff2bc90ca19c640b9a60fb5bd6f875) Importer(815301076,1909f56bfc062723c751e8b465ee728b)  -> (artifact id: '1cb9b33cf0fab5dbba47d0f0d469ed71') in 0.054652 seconds 
========================================================================
Received Import Request.
  Time since last request: 0.000146 seconds.
  path: Assets/LaboratoryMultipurposePack/Laboratory_URP/Models/Prefabs/Cabinet.prefab
  artifactKey: Guid(aa9780cf536d41f43a12d3301c398b1c) Importer(815301076,1909f56bfc062723c751e8b465ee728b)
Start importing Assets/LaboratoryMultipurposePack/Laboratory_URP/Models/Prefabs/Cabinet.prefab using Guid(aa9780cf536d41f43a12d3301c398b1c) Importer(815301076,1909f56bfc062723c751e8b465ee728b)  -> (artifact id: '1b718b81b749a74731081ce993e4bf7e') in 0.059498 seconds 
========================================================================
Received Import Request.
  Time since last request: 0.000171 seconds.
  path: Assets/LaboratoryMultipurposePack/Laboratory_URP/Models/Prefabs/Bottles_Frame_02_B.prefab
  artifactKey: Guid(28850850709c4c0459272330b96fbc36) Importer(815301076,1909f56bfc062723c751e8b465ee728b)
Start importing Assets/LaboratoryMultipurposePack/Laboratory_URP/Models/Prefabs/Bottles_Frame_02_B.prefab using Guid(28850850709c4c0459272330b96fbc36) Importer(815301076,1909f56bfc062723c751e8b465ee728b)  -> (artifact id: 'ba86d00e69b81711513c76c415fb748e') in 0.070654 seconds 
========================================================================
Received Import Request.
  Time since last request: 0.000262 seconds.
  path: Assets/LaboratoryMultipurposePack/Laboratory_URP/Models/Prefabs/Apparatus_08_No_Glass.prefab
  artifactKey: Guid(91b999d3986097c45a073ce6d2e57891) Importer(815301076,1909f56bfc062723c751e8b465ee728b)
Start importing Assets/LaboratoryMultipurposePack/Laboratory_URP/Models/Prefabs/Apparatus_08_No_Glass.prefab using Guid(91b999d3986097c45a073ce6d2e57891) Importer(815301076,1909f56bfc062723c751e8b465ee728b)  -> (artifact id: '9be966b9d6d8d9971329f07f0c620930') in 0.058770 seconds 
========================================================================
Received Import Request.
  Time since last request: 0.000210 seconds.
  path: Assets/LaboratoryMultipurposePack/Laboratory_URP/Models/Prefabs/Apparatus_06_Plus_07_Standard.prefab
  artifactKey: Guid(04e2dd62e51a1964a9305cc07a1efeb4) Importer(815301076,1909f56bfc062723c751e8b465ee728b)
Start importing Assets/LaboratoryMultipurposePack/Laboratory_URP/Models/Prefabs/Apparatus_06_Plus_07_Standard.prefab using Guid(04e2dd62e51a1964a9305cc07a1efeb4) Importer(815301076,1909f56bfc062723c751e8b465ee728b)  -> (artifact id: '8d807cb58ce2f6f8b3260403047090b8') in 0.074015 seconds 
========================================================================
Received Import Request.
  Time since last request: 0.000275 seconds.
  path: Assets/LaboratoryMultipurposePack/Laboratory_URP/Models
  artifactKey: Guid(ac5e4cdb9fafd2b4b9c9e1d508551415) Importer(815301076,1909f56bfc062723c751e8b465ee728b)
Start importing Assets/LaboratoryMultipurposePack/Laboratory_URP/Models using Guid(ac5e4cdb9fafd2b4b9c9e1d508551415) Importer(815301076,1909f56bfc062723c751e8b465ee728b)  -> (artifact id: '009afc283a5d6871ff7cb1efc325937b') in 0.006212 seconds 
========================================================================
Received Import Request.
  Time since last request: 0.000175 seconds.
  path: Assets/LaboratoryMultipurposePack/Laboratory_URP/Models/Prefabs/Apparatus_06_Plus_07.prefab
  artifactKey: Guid(39dbb2bc9815f4d48967fa7259f6c361) Importer(815301076,1909f56bfc062723c751e8b465ee728b)
Start importing Assets/LaboratoryMultipurposePack/Laboratory_URP/Models/Prefabs/Apparatus_06_Plus_07.prefab using Guid(39dbb2bc9815f4d48967fa7259f6c361) Importer(815301076,1909f56bfc062723c751e8b465ee728b)  -> (artifact id: 'cc038d2d9d7e921dfedd52116c1e64af') in 0.055148 seconds 
========================================================================
Received Import Request.
  Time since last request: 0.000193 seconds.
  path: Assets/LaboratoryMultipurposePack/Laboratory_URP/Models/Prefabs/Apparatus_08_No_Glass_Standard.prefab
  artifactKey: Guid(7b78cf17150bbdc45a0866a1b12b1439) Importer(815301076,1909f56bfc062723c751e8b465ee728b)
Start importing Assets/LaboratoryMultipurposePack/Laboratory_URP/Models/Prefabs/Apparatus_08_No_Glass_Standard.prefab using Guid(7b78cf17150bbdc45a0866a1b12b1439) Importer(815301076,1909f56bfc062723c751e8b465ee728b)  -> (artifact id: '7a2f40c1466da8a08a3046f48760dd61') in 0.050434 seconds 
========================================================================
Received Import Request.
  Time since last request: 0.000145 seconds.
  path: Assets/LaboratoryMultipurposePack/Laboratory_URP/Models/Prefabs/Bottle_Funnel.prefab
  artifactKey: Guid(435f71381e6c9d142859ed1b9f9b4101) Importer(815301076,1909f56bfc062723c751e8b465ee728b)
Start importing Assets/LaboratoryMultipurposePack/Laboratory_URP/Models/Prefabs/Bottle_Funnel.prefab using Guid(435f71381e6c9d142859ed1b9f9b4101) Importer(815301076,1909f56bfc062723c751e8b465ee728b)  -> (artifact id: 'e6c4894e0623866aa2f80d2358ad4d39') in 0.013976 seconds 
========================================================================
Received Import Request.
  Time since last request: 0.000126 seconds.
  path: Assets/LaboratoryMultipurposePack/Laboratory_URP/Models/Prefabs/Book_01_Standard.prefab
  artifactKey: Guid(e468f4bffe54b1d4bb5e259e253db629) Importer(815301076,1909f56bfc062723c751e8b465ee728b)
Start importing Assets/LaboratoryMultipurposePack/Laboratory_URP/Models/Prefabs/Book_01_Standard.prefab using Guid(e468f4bffe54b1d4bb5e259e253db629) Importer(815301076,1909f56bfc062723c751e8b465ee728b)  -> (artifact id: 'bf4e579182e599c955472560dae83431') in 0.047838 seconds 
========================================================================
Received Import Request.
  Time since last request: 0.000245 seconds.
  path: Assets/LaboratoryMultipurposePack/Laboratory_URP/Models/Prefabs/Cabinet_Wall.prefab
  artifactKey: Guid(cb1d4dc939a2740438b8c7172aa4792e) Importer(815301076,1909f56bfc062723c751e8b465ee728b)
Start importing Assets/LaboratoryMultipurposePack/Laboratory_URP/Models/Prefabs/Cabinet_Wall.prefab using Guid(cb1d4dc939a2740438b8c7172aa4792e) Importer(815301076,1909f56bfc062723c751e8b465ee728b)  -> (artifact id: '4e823b3e0ee7129062a86d7d478d1491') in 0.054125 seconds 
========================================================================
Received Import Request.
  Time since last request: 0.000139 seconds.
  path: Assets/LaboratoryMultipurposePack/Laboratory_URP/Models/Prefabs/Apparatus_08_Standard.prefab
  artifactKey: Guid(8b3d500a46a1cb641a4516e18f76b0a5) Importer(815301076,1909f56bfc062723c751e8b465ee728b)
Start importing Assets/LaboratoryMultipurposePack/Laboratory_URP/Models/Prefabs/Apparatus_08_Standard.prefab using Guid(8b3d500a46a1cb641a4516e18f76b0a5) Importer(815301076,1909f56bfc062723c751e8b465ee728b)  -> (artifact id: 'd0d3181031851286e9670430e40fb1fe') in 0.057010 seconds 
========================================================================
Received Import Request.
  Time since last request: 0.000177 seconds.
  path: Assets/LaboratoryMultipurposePack/Laboratory_URP/Models/Prefabs/Bottle_02_Empty.prefab
  artifactKey: Guid(d55dd397082476b48933898fa78eb8b2) Importer(815301076,1909f56bfc062723c751e8b465ee728b)
Start importing Assets/LaboratoryMultipurposePack/Laboratory_URP/Models/Prefabs/Bottle_02_Empty.prefab using Guid(d55dd397082476b48933898fa78eb8b2) Importer(815301076,1909f56bfc062723c751e8b465ee728b)  -> (artifact id: '5c2959b2392bc93d688134b76c8353c0') in 0.015452 seconds 
========================================================================
Received Import Request.
  Time since last request: 0.000129 seconds.
  path: Assets/LaboratoryMultipurposePack/Laboratory_URP/Models/Prefabs/Bottle_01_Empty.prefab
  artifactKey: Guid(74f93d48d1115a3439b53f203c6f94a5) Importer(815301076,1909f56bfc062723c751e8b465ee728b)
Start importing Assets/LaboratoryMultipurposePack/Laboratory_URP/Models/Prefabs/Bottle_01_Empty.prefab using Guid(74f93d48d1115a3439b53f203c6f94a5) Importer(815301076,1909f56bfc062723c751e8b465ee728b)  -> (artifact id: 'eddda2c35374db62afc9701da74fedbd') in 0.013836 seconds 
========================================================================
Received Import Request.
  Time since last request: 0.000130 seconds.
  path: Assets/LaboratoryMultipurposePack/Laboratory_URP/Models/Prefabs/Book_02.prefab
  artifactKey: Guid(18472c6cae9f7084a9ed7ab0671fcbc8) Importer(815301076,1909f56bfc062723c751e8b465ee728b)
Start importing Assets/LaboratoryMultipurposePack/Laboratory_URP/Models/Prefabs/Book_02.prefab using Guid(18472c6cae9f7084a9ed7ab0671fcbc8) Importer(815301076,1909f56bfc062723c751e8b465ee728b)  -> (artifact id: '3970f167de8a79fe8d40bf9495485e8d') in 0.052454 seconds 
========================================================================
Received Import Request.
  Time since last request: 0.000155 seconds.
  path: Assets/LaboratoryMultipurposePack/Laboratory_URP/Models/Prefabs/Apparatus_03_Standard.prefab
  artifactKey: Guid(9b50944fbc4111e4da866248ddf4edf2) Importer(815301076,1909f56bfc062723c751e8b465ee728b)
Start importing Assets/LaboratoryMultipurposePack/Laboratory_URP/Models/Prefabs/Apparatus_03_Standard.prefab using Guid(9b50944fbc4111e4da866248ddf4edf2) Importer(815301076,1909f56bfc062723c751e8b465ee728b)  -> (artifact id: '10891bf5a6ea7cc57a693b48fb394716') in 0.052105 seconds 
========================================================================
Received Import Request.
  Time since last request: 0.000140 seconds.
  path: Assets/LaboratoryMultipurposePack/Laboratory_URP/Models/Prefabs/Apparatus_04.prefab
  artifactKey: Guid(1f8a1ea6b8b4dde43b7b18d16c36a658) Importer(815301076,1909f56bfc062723c751e8b465ee728b)
Start importing Assets/LaboratoryMultipurposePack/Laboratory_URP/Models/Prefabs/Apparatus_04.prefab using Guid(1f8a1ea6b8b4dde43b7b18d16c36a658) Importer(815301076,1909f56bfc062723c751e8b465ee728b)  -> (artifact id: '0874e245b973ca246eb006690c30436f') in 0.056713 seconds 
========================================================================
Received Import Request.
  Time since last request: 0.000165 seconds.
  path: Assets/LaboratoryMultipurposePack/Laboratory_URP/Models/Prefabs/Apparatus_08.prefab
  artifactKey: Guid(a77e58783c6c4524996132b6da7b56d8) Importer(815301076,1909f56bfc062723c751e8b465ee728b)
Start importing Assets/LaboratoryMultipurposePack/Laboratory_URP/Models/Prefabs/Apparatus_08.prefab using Guid(a77e58783c6c4524996132b6da7b56d8) Importer(815301076,1909f56bfc062723c751e8b465ee728b)  -> (artifact id: 'b35978ee2295a1259da7c759e90a7935') in 0.055583 seconds 
========================================================================
Received Import Request.
  Time since last request: 0.000167 seconds.
  path: Assets/LaboratoryMultipurposePack/Laboratory_URP/Models/Prefabs/Apparatus_05_Standard.prefab
  artifactKey: Guid(2a492c5344160b14a9db583bafee3184) Importer(815301076,1909f56bfc062723c751e8b465ee728b)
Start importing Assets/LaboratoryMultipurposePack/Laboratory_URP/Models/Prefabs/Apparatus_05_Standard.prefab using Guid(2a492c5344160b14a9db583bafee3184) Importer(815301076,1909f56bfc062723c751e8b465ee728b)  -> (artifact id: '078048559f1799a0e3d0913da3650631') in 0.048063 seconds 
========================================================================
Received Import Request.
  Time since last request: 0.000160 seconds.
  path: Assets/LaboratoryMultipurposePack/Laboratory_URP/Models/Prefabs/Bottles_Frame_Empty_01.prefab
  artifactKey: Guid(428fa46ca7fd70a42ae09d8f00912fb0) Importer(815301076,1909f56bfc062723c751e8b465ee728b)
Start importing Assets/LaboratoryMultipurposePack/Laboratory_URP/Models/Prefabs/Bottles_Frame_Empty_01.prefab using Guid(428fa46ca7fd70a42ae09d8f00912fb0) Importer(815301076,1909f56bfc062723c751e8b465ee728b)  -> (artifact id: '093ad3bc68e819b0a92fec2115001362') in 0.052859 seconds 
========================================================================
Received Import Request.
  Time since last request: 0.000146 seconds.
  path: Assets/LaboratoryMultipurposePack/Laboratory_URP/Models/Prefabs/Apparatus_07.prefab
  artifactKey: Guid(f5317d3be0065b547ade08fc4716371b) Importer(815301076,1909f56bfc062723c751e8b465ee728b)
Start importing Assets/LaboratoryMultipurposePack/Laboratory_URP/Models/Prefabs/Apparatus_07.prefab using Guid(f5317d3be0065b547ade08fc4716371b) Importer(815301076,1909f56bfc062723c751e8b465ee728b)  -> (artifact id: '1fb02afdf237eb7ebc0ea351f254f2dc') in 0.056703 seconds 
========================================================================
Received Import Request.
  Time since last request: 0.000263 seconds.
  path: Assets/LaboratoryMultipurposePack/Laboratory_URP/Models/Prefabs/Apparatus_08_Glass_Jar.prefab
  artifactKey: Guid(b2cce73a4de71c44c8114cbe21f96849) Importer(815301076,1909f56bfc062723c751e8b465ee728b)
Start importing Assets/LaboratoryMultipurposePack/Laboratory_URP/Models/Prefabs/Apparatus_08_Glass_Jar.prefab using Guid(b2cce73a4de71c44c8114cbe21f96849) Importer(815301076,1909f56bfc062723c751e8b465ee728b)  -> (artifact id: '50282a462c9b4270a1dfff0444fb6b0b') in 0.055796 seconds 
========================================================================
Received Import Request.
  Time since last request: 0.000153 seconds.
  path: Assets/LaboratoryMultipurposePack/Laboratory_URP/Models/Prefabs/Apparatus_05.prefab
  artifactKey: Guid(8ff7db953d7ca9c46aa29e3ecf312a41) Importer(815301076,1909f56bfc062723c751e8b465ee728b)
Start importing Assets/LaboratoryMultipurposePack/Laboratory_URP/Models/Prefabs/Apparatus_05.prefab using Guid(8ff7db953d7ca9c46aa29e3ecf312a41) Importer(815301076,1909f56bfc062723c751e8b465ee728b)  -> (artifact id: 'ba584e35577212c12ef20facab28ab55') in 0.056283 seconds 
========================================================================
Received Import Request.
  Time since last request: 0.000179 seconds.
  path: Assets/LaboratoryMultipurposePack/Laboratory_URP/Models/Prefabs/Apparatus_03.prefab
  artifactKey: Guid(7c6f3d0a0e103724292bd5631482b5b0) Importer(815301076,1909f56bfc062723c751e8b465ee728b)
Start importing Assets/LaboratoryMultipurposePack/Laboratory_URP/Models/Prefabs/Apparatus_03.prefab using Guid(7c6f3d0a0e103724292bd5631482b5b0) Importer(815301076,1909f56bfc062723c751e8b465ee728b)  -> (artifact id: 'bc4810a966eeb3c6858d765bb6efe030') in 0.053565 seconds 
========================================================================
Received Import Request.
  Time since last request: 0.000162 seconds.
  path: Assets/LaboratoryMultipurposePack/Laboratory_URP/Models/Prefabs/Book_03.prefab
  artifactKey: Guid(0f19816a3cbd6464aac79804718e87b4) Importer(815301076,1909f56bfc062723c751e8b465ee728b)
Start importing Assets/LaboratoryMultipurposePack/Laboratory_URP/Models/Prefabs/Book_03.prefab using Guid(0f19816a3cbd6464aac79804718e87b4) Importer(815301076,1909f56bfc062723c751e8b465ee728b)  -> (artifact id: 'fd0dd227ba522ab55c3c2c0678664266') in 0.057205 seconds 
========================================================================
Received Import Request.
  Time since last request: 0.000157 seconds.
  path: Assets/LaboratoryMultipurposePack/Laboratory_URP/Models/Prefabs/Bottle_02.prefab
  artifactKey: Guid(a8febd50f39c7e840afb8a7f24c974ec) Importer(815301076,1909f56bfc062723c751e8b465ee728b)
Start importing Assets/LaboratoryMultipurposePack/Laboratory_URP/Models/Prefabs/Bottle_02.prefab using Guid(a8febd50f39c7e840afb8a7f24c974ec) Importer(815301076,1909f56bfc062723c751e8b465ee728b)  -> (artifact id: '96d2daf906226d70f2e1d21dbcfb9192') in 0.015997 seconds 
========================================================================
Received Import Request.
  Time since last request: 0.000170 seconds.
  path: Assets/LaboratoryMultipurposePack/Laboratory_URP/Models/Prefabs/Cabinet_Wall_Standard.prefab
  artifactKey: Guid(9a4187cbdc90acc46a4ce14506d97fcb) Importer(815301076,1909f56bfc062723c751e8b465ee728b)
Start importing Assets/LaboratoryMultipurposePack/Laboratory_URP/Models/Prefabs/Cabinet_Wall_Standard.prefab using Guid(9a4187cbdc90acc46a4ce14506d97fcb) Importer(815301076,1909f56bfc062723c751e8b465ee728b)  -> (artifact id: 'c4c97db17adca2523dcc7e6e7d3e4a5e') in 0.043875 seconds 
========================================================================
Received Import Request.
  Time since last request: 0.000154 seconds.
  path: Assets/LaboratoryMultipurposePack/Laboratory_URP/Models/Prefabs
  artifactKey: Guid(cd775e50200e66447849dfa30043f3aa) Importer(815301076,1909f56bfc062723c751e8b465ee728b)
Start importing Assets/LaboratoryMultipurposePack/Laboratory_URP/Models/Prefabs using Guid(cd775e50200e66447849dfa30043f3aa) Importer(815301076,1909f56bfc062723c751e8b465ee728b)  -> (artifact id: '2d1fea1070f81edfeb6f3771c2e4a900') in 0.005893 seconds 
========================================================================
Received Import Request.
  Time since last request: 0.000152 seconds.
  path: Assets/LaboratoryMultipurposePack/Laboratory_URP/Models/Prefabs/Apparatus_06_Standard.prefab
  artifactKey: Guid(46bfdc130c1dd9c4abe02bda05f85711) Importer(815301076,1909f56bfc062723c751e8b465ee728b)
Start importing Assets/LaboratoryMultipurposePack/Laboratory_URP/Models/Prefabs/Apparatus_06_Standard.prefab using Guid(46bfdc130c1dd9c4abe02bda05f85711) Importer(815301076,1909f56bfc062723c751e8b465ee728b)  -> (artifact id: 'a58f07cfa8c54c90a1efe86c60d524bd') in 0.053916 seconds 
========================================================================
Received Import Request.
  Time since last request: 0.000242 seconds.
  path: Assets/LaboratoryMultipurposePack/Laboratory_URP/Models/Prefabs/Bottles_Frame_01_B.prefab
  artifactKey: Guid(5a7f26b040c54614db9f5124c282b537) Importer(815301076,1909f56bfc062723c751e8b465ee728b)
Start importing Assets/LaboratoryMultipurposePack/Laboratory_URP/Models/Prefabs/Bottles_Frame_01_B.prefab using Guid(5a7f26b040c54614db9f5124c282b537) Importer(815301076,1909f56bfc062723c751e8b465ee728b)  -> (artifact id: '5e26bf48e93f58ae0d2e1957b4fb1323') in 0.059663 seconds 
========================================================================
Received Import Request.
  Time since last request: 0.000143 seconds.
  path: Assets/LaboratoryMultipurposePack/Laboratory_URP/Models/Prefabs/Book_01.prefab
  artifactKey: Guid(9bf8f46514605de43a295bb211659cbb) Importer(815301076,1909f56bfc062723c751e8b465ee728b)
Start importing Assets/LaboratoryMultipurposePack/Laboratory_URP/Models/Prefabs/Book_01.prefab using Guid(9bf8f46514605de43a295bb211659cbb) Importer(815301076,1909f56bfc062723c751e8b465ee728b)  -> (artifact id: '7d9dc1cc840ed0be61734217e6052225') in 0.056813 seconds 
========================================================================
Received Import Request.
  Time since last request: 0.000155 seconds.
  path: Assets/LaboratoryMultipurposePack/Laboratory_URP/Models/Prefabs/Apparatus_07_Standard.prefab
  artifactKey: Guid(84efe5f9cbfd8e8458268f2e8fda1cb5) Importer(815301076,1909f56bfc062723c751e8b465ee728b)
Start importing Assets/LaboratoryMultipurposePack/Laboratory_URP/Models/Prefabs/Apparatus_07_Standard.prefab using Guid(84efe5f9cbfd8e8458268f2e8fda1cb5) Importer(815301076,1909f56bfc062723c751e8b465ee728b)  -> (artifact id: '1ef45a364a8f9c08a48608e55401f0ff') in 0.045791 seconds 
========================================================================
Received Import Request.
  Time since last request: 0.000143 seconds.
  path: Assets/LaboratoryMultipurposePack/Laboratory_URP/Models/Prefabs/Cabinet_Standard.prefab
  artifactKey: Guid(897c828a63cfeef4cb8a94a7eaeaad21) Importer(815301076,1909f56bfc062723c751e8b465ee728b)
Start importing Assets/LaboratoryMultipurposePack/Laboratory_URP/Models/Prefabs/Cabinet_Standard.prefab using Guid(897c828a63cfeef4cb8a94a7eaeaad21) Importer(815301076,1909f56bfc062723c751e8b465ee728b)  -> (artifact id: 'df6f03bf5450d2b598a0344fbad66939') in 0.047590 seconds 
========================================================================
Received Import Request.
  Time since last request: 0.000130 seconds.
  path: Assets/LaboratoryMultipurposePack/Laboratory_URP/Models/Prefabs/Apparatus_04_Standard.prefab
  artifactKey: Guid(90631f3e2dc8b8347b3ff21262028154) Importer(815301076,1909f56bfc062723c751e8b465ee728b)
Start importing Assets/LaboratoryMultipurposePack/Laboratory_URP/Models/Prefabs/Apparatus_04_Standard.prefab using Guid(90631f3e2dc8b8347b3ff21262028154) Importer(815301076,1909f56bfc062723c751e8b465ee728b)  -> (artifact id: 'e5fd2b11f1ce757d3f5f233822c45077') in 0.057827 seconds 
========================================================================
Received Import Request.
  Time since last request: 0.000159 seconds.
  path: Assets/LaboratoryMultipurposePack/Laboratory_URP/Models/Prefabs/Book_02_Standard.prefab
  artifactKey: Guid(ab7aa6732113bed4f80f48d984c265e9) Importer(815301076,1909f56bfc062723c751e8b465ee728b)
Start importing Assets/LaboratoryMultipurposePack/Laboratory_URP/Models/Prefabs/Book_02_Standard.prefab using Guid(ab7aa6732113bed4f80f48d984c265e9) Importer(815301076,1909f56bfc062723c751e8b465ee728b)  -> (artifact id: '76f54fa23a5301e77184dafc303d5a15') in 0.046741 seconds 
========================================================================
Received Import Request.
  Time since last request: 0.000155 seconds.
  path: Assets/LaboratoryMultipurposePack/Laboratory_URP/Models/Prefabs/Bottles_Frame_03_A.prefab
  artifactKey: Guid(f3b2e64d3f5fff94290969003501ab00) Importer(815301076,1909f56bfc062723c751e8b465ee728b)
Start importing Assets/LaboratoryMultipurposePack/Laboratory_URP/Models/Prefabs/Bottles_Frame_03_A.prefab using Guid(f3b2e64d3f5fff94290969003501ab00) Importer(815301076,1909f56bfc062723c751e8b465ee728b)  -> (artifact id: '26e5ffa06a79035116e3f43898574df0') in 0.059574 seconds 
========================================================================
Received Import Request.
  Time since last request: 0.000182 seconds.
  path: Assets/LaboratoryMultipurposePack/Laboratory_URP
  artifactKey: Guid(f937dd59c645f6249a2b60eb94059be4) Importer(815301076,1909f56bfc062723c751e8b465ee728b)
Start importing Assets/LaboratoryMultipurposePack/Laboratory_URP using Guid(f937dd59c645f6249a2b60eb94059be4) Importer(815301076,1909f56bfc062723c751e8b465ee728b)  -> (artifact id: 'cfe1f6a6b755a3a4cf7494688ed7c042') in 0.006400 seconds 
========================================================================
Received Import Request.
  Time since last request: 0.000157 seconds.
  path: Assets/LaboratoryMultipurposePack/Laboratory_URP/Models/Prefabs/Bottles_Frame_01_A.prefab
  artifactKey: Guid(1035574fb3dccec418f14b11e0a40efe) Importer(815301076,1909f56bfc062723c751e8b465ee728b)
Start importing Assets/LaboratoryMultipurposePack/Laboratory_URP/Models/Prefabs/Bottles_Frame_01_A.prefab using Guid(1035574fb3dccec418f14b11e0a40efe) Importer(815301076,1909f56bfc062723c751e8b465ee728b)  -> (artifact id: 'e881167d119a87cdd3e6ce222268570d') in 0.063982 seconds 
========================================================================
Received Import Request.
  Time since last request: 0.000266 seconds.
  path: Assets/LaboratoryMultipurposePack/Laboratory_URP/Models/Prefabs/Book_03_Standard.prefab
  artifactKey: Guid(0aa956a64deb0d348b85df6b533cab03) Importer(815301076,1909f56bfc062723c751e8b465ee728b)
Start importing Assets/LaboratoryMultipurposePack/Laboratory_URP/Models/Prefabs/Book_03_Standard.prefab using Guid(0aa956a64deb0d348b85df6b533cab03) Importer(815301076,1909f56bfc062723c751e8b465ee728b)  -> (artifact id: '27b1682b5e77063519ffed540c525545') in 0.059373 seconds 
========================================================================
Received Import Request.
  Time since last request: 0.000201 seconds.
  path: Assets/LaboratoryMultipurposePack/Laboratory_URP/Models/Prefabs/Cactus.prefab
  artifactKey: Guid(3c38b51ea5d7bc947a851658b1f1c3c0) Importer(815301076,1909f56bfc062723c751e8b465ee728b)
Start importing Assets/LaboratoryMultipurposePack/Laboratory_URP/Models/Prefabs/Cactus.prefab using Guid(3c38b51ea5d7bc947a851658b1f1c3c0) Importer(815301076,1909f56bfc062723c751e8b465ee728b)  -> (artifact id: '1232957ba0da8813194582b4916864ef') in 0.058877 seconds 
========================================================================
Received Import Request.
  Time since last request: 0.000313 seconds.
  path: Assets/LaboratoryMultipurposePack/Laboratory_URP/Models/Prefabs/Apparatus_06.prefab
  artifactKey: Guid(03394ea2a6e9c7847815dfb07a05824f) Importer(815301076,1909f56bfc062723c751e8b465ee728b)
Start importing Assets/LaboratoryMultipurposePack/Laboratory_URP/Models/Prefabs/Apparatus_06.prefab using Guid(03394ea2a6e9c7847815dfb07a05824f) Importer(815301076,1909f56bfc062723c751e8b465ee728b)  -> (artifact id: '2cdf5bbacfed2af44c806b6a139a6509') in 0.057948 seconds 
========================================================================
Received Import Request.
  Time since last request: 0.000152 seconds.
  path: Assets/LaboratoryMultipurposePack/Laboratory_URP/Models/Prefabs/Bottles_Frame_02_A.prefab
  artifactKey: Guid(2d7f760f4b2e5964bbcecaf2dd3c24b2) Importer(815301076,1909f56bfc062723c751e8b465ee728b)
Start importing Assets/LaboratoryMultipurposePack/Laboratory_URP/Models/Prefabs/Bottles_Frame_02_A.prefab using Guid(2d7f760f4b2e5964bbcecaf2dd3c24b2) Importer(815301076,1909f56bfc062723c751e8b465ee728b)  -> (artifact id: '8ae395d54a2d6244c95fb9c4dac6b8a4') in 0.062071 seconds 
========================================================================
Received Import Request.
  Time since last request: 0.000248 seconds.
  path: Assets/LaboratoryMultipurposePack/Laboratory_URP/Models/Prefabs/Apparatus_01.prefab
  artifactKey: Guid(1c9936631325d0942938dd33671e3229) Importer(815301076,1909f56bfc062723c751e8b465ee728b)
Start importing Assets/LaboratoryMultipurposePack/Laboratory_URP/Models/Prefabs/Apparatus_01.prefab using Guid(1c9936631325d0942938dd33671e3229) Importer(815301076,1909f56bfc062723c751e8b465ee728b)  -> (artifact id: '5d8f4728cf49d9c3a4d0948c263b5dd0') in 0.055164 seconds 
========================================================================
Received Import Request.
  Time since last request: 0.000162 seconds.
  path: Assets/LaboratoryMultipurposePack/Laboratory_URP/Models/Prefabs/Bottles_Frame_03_B.prefab
  artifactKey: Guid(95e8e6a0f2008b149a859e9bcba41f74) Importer(815301076,1909f56bfc062723c751e8b465ee728b)
Start importing Assets/LaboratoryMultipurposePack/Laboratory_URP/Models/Prefabs/Bottles_Frame_03_B.prefab using Guid(95e8e6a0f2008b149a859e9bcba41f74) Importer(815301076,1909f56bfc062723c751e8b465ee728b)  -> (artifact id: '29469f3844ac0fa4409bb50a485cb0a9') in 0.061518 seconds 
========================================================================
Received Import Request.
  Time since last request: 0.000213 seconds.
  path: Assets/LaboratoryMultipurposePack/Laboratory_URP/Models/Prefabs/Bottles_Frame_Conection_01.prefab
  artifactKey: Guid(3f4cc164bca5e6f41bd7619ea54bf605) Importer(815301076,1909f56bfc062723c751e8b465ee728b)
Start importing Assets/LaboratoryMultipurposePack/Laboratory_URP/Models/Prefabs/Bottles_Frame_Conection_01.prefab using Guid(3f4cc164bca5e6f41bd7619ea54bf605) Importer(815301076,1909f56bfc062723c751e8b465ee728b)  -> (artifact id: '583fd62bc62118f6e75f32503be62f17') in 0.057177 seconds 
========================================================================
Received Import Request.
  Time since last request: 0.000156 seconds.
  path: Assets/LaboratoryMultipurposePack/Laboratory_URP/Models/Prefabs/Bottle_01.prefab
  artifactKey: Guid(7f97b5045a1a61f48acc21a28827590a) Importer(815301076,1909f56bfc062723c751e8b465ee728b)
Start importing Assets/LaboratoryMultipurposePack/Laboratory_URP/Models/Prefabs/Bottle_01.prefab using Guid(7f97b5045a1a61f48acc21a28827590a) Importer(815301076,1909f56bfc062723c751e8b465ee728b)  -> (artifact id: 'fbe5b7681f3a231e1c4cff652295ec3d') in 0.021050 seconds 
AssetImportWorkerClient::OnTransportError - code=2 error=End of file
